<?xml version="1.0" encoding="UTF-8"?>
<!-- Generated by org.testng.reporters.JUnitReportReporter -->
<testsuite hostname="Harish" failures="0" tests="1" name="com.goodreads.testscript.BookModule" time="58.556" errors="0" timestamp="2023-06-16T14:20:31 IST" skipped="0">
  <testcase classname="com.goodreads.testscript.BookModule" name="testAddAndRemoveBook" time="58.556"/>
  <system-out/>
</testsuite> <!-- com.goodreads.testscript.BookModule -->
